-2.1263E00 -1.9012E00 -5.3312E-02
-2.0660E-03 -1.1476E00 -9.7983E-02
1.7481E-01 -1.1433E00 -3.4103E-01
4.1973E00 -5.1787E00 -9.8932E-01
-2.6251E-01 -5.1694E-01 -7.0731E-01
-1.4770E-02 6.8126E-01 -6.6778E-01
-6.4609E-01 -7.3618E-01 -4.4715E-01
-5.7629E-01 -6.4622E-01 -2.0534E-01
-6.8093E-01 -6.4920E-02 -1.3862E-01
-3.9398E-01 -1.4650E-01 -1.5067E-01
-3.6906E-01 -5.0404E-01 -1.4025E-01
-2.0396E-01 -2.0778E-01 4.8792E-02
2.2334E-01 -1.3732E-01 -2.6932E-01
2.5990E-01 -2.0847E-01 -1.7844E-01
6.7552E-02 -4.9517E-01 -2.5232E-04
3.3153E-01 -5.5024E-01 1.0946E-01
2.3104E-01 -3.3676E-01 1.1060E-01
6.2508E-02 -4.9621E-01 1.3576E-01
2.5499E-01 -5.3104E-01 3.0838E-01
-5.3025E-01 3.8354E-01 -4.3910E-01
-3.0408E-01 -3.1996E-02 -3.3878E-01
-5.3656E-01 5.1038E-01 -4.3251E-01
-6.4702E-01 7.6623E-01 -4.0154E-01
-8.4885E-01 8.5880E-01 -2.2938E-01
-5.0729E-01 2.5816E-01 1.0981E-01
-6.8628E-01 2.6315E-01 3.0622E-01
-2.9795E-01 4.0923E-01 -1.0039E-01
-2.1946E-01 4.6268E-01 -1.5621E-02
-2.1825E-01 5.6511E-01 1.6503E-01
-7.0126E-02 5.8455E-01 1.8481E-01
4.4475E-01 3.6509E-01 -5.3546E-01
1.4606E-01 -2.2069E-02 -2.0925E-01
2.6115E-01 9.2750E-01 -1.7601E-01
2.0572E-02 -4.7767E-02 3.2340E-01
2.8916E-01 5.0266E-01 2.0543E-01
-2.2254E-01 1.2738E00 -5.7233E-01
1.4287E-01 1.2168E00 3.2362E-01
1.3589E00 -3.8277E-01 1.8503E-01
1.5421E00 9.2367E-01 3.4973E-01
-1.3549E00 7.4929E-01 1.7463E00
-4.8881E-01 -1.3508E-01 8.1776E-01
-9.5398E-02 -2.6760E-01 9.1307E-01
2.7413E-01 -1.9134E-01 5.0993E-01
8.4621E-01 -1.9283E-01 9.5071E-01
-9.6299E-01 4.3181E-03 1.1267E00
-5.9882E-01 3.5167E-01 1.1771E00
3.2407E-01 5.6004E-01 7.2561E-01
3.3270E-01 -2.6544E-01 1.5807E00
-6.3202E-01 7.9773E-01 1.6555E00
2.5109E00 3.0008E00 1.1272E00
